<?xml version="1.0" encoding="UTF-8"?>
<!-- Generated by org.testng.reporters.JUnitReportReporter -->
<testsuite hostname="DESKTOP-U0QKV6T" failures="0" tests="5" name="framesalertsnewtabfuncationalities.IframesAlertsNewTab2" time="40.664" errors="0" timestamp="2024-06-07T00:08:47 IST" skipped="4">
  <testcase classname="framesalertsnewtabfuncationalities.IframesAlertsNewTab2" name="newtab" time="40.664"/>
  <system-out/>
  <testcase classname="framesalertsnewtabfuncationalities.IframesAlertsNewTab2" name="alerts">
    <skipped/>
  </testcase> <!-- alerts -->
  <system-out/>
  <testcase classname="framesalertsnewtabfuncationalities.IframesAlertsNewTab2" name="frames">
    <skipped/>
  </testcase> <!-- frames -->
  <system-out/>
  <testcase classname="framesalertsnewtabfuncationalities.IframesAlertsNewTab2" name="newtabbrowser">
    <skipped/>
  </testcase> <!-- newtabbrowser -->
  <system-out/>
  <testcase classname="framesalertsnewtabfuncationalities.IframesAlertsNewTab2" name="newtabtest">
    <skipped/>
  </testcase> <!-- newtabtest -->
  <system-out/>
</testsuite> <!-- framesalertsnewtabfuncationalities.IframesAlertsNewTab2 -->
