<?xml version="1.0" encoding="UTF-8"?>
<!-- Generated by org.testng.reporters.JUnitReportReporter -->
<testsuite hostname="DESKTOP-U0QKV6T" failures="0" tests="1" name="screenshots.ErrorScreenshot" time="7.802" errors="0" timestamp="2024-06-11T15:32:45 IST" skipped="0">
  <testcase classname="screenshots.ErrorScreenshot" name="googlesearch" time="7.802"/>
  <system-out/>
</testsuite> <!-- screenshots.ErrorScreenshot -->
