<?xml version="1.0" encoding="UTF-8"?>
<!-- Generated by org.testng.reporters.JUnitReportReporter -->
<testsuite hostname="DESKTOP-U0QKV6T" failures="0" tests="4" name="isdisplayedisenabledisselected.VerifyApplicatitiontextfieldsradio" time="1.193" errors="0" timestamp="2024-06-06T23:01:11 IST" skipped="3">
  <testcase classname="isdisplayedisenabledisselected.VerifyApplicatitiontextfieldsradio" name="verifyradiobuttoncheckboxe" time="1.193"/>
  <system-out/>
  <testcase classname="isdisplayedisenabledisselected.VerifyApplicatitiontextfieldsradio" name="verifyradiobuttoncheckboxes">
    <skipped/>
  </testcase> <!-- verifyradiobuttoncheckboxes -->
  <system-out/>
  <testcase classname="isdisplayedisenabledisselected.VerifyApplicatitiontextfieldsradio" name="verifytextfields">
    <skipped/>
  </testcase> <!-- verifytextfields -->
  <system-out/>
  <testcase classname="isdisplayedisenabledisselected.VerifyApplicatitiontextfieldsradio" name="verifyTabTitle">
    <skipped/>
  </testcase> <!-- verifyTabTitle -->
  <system-out/>
</testsuite> <!-- isdisplayedisenabledisselected.VerifyApplicatitiontextfieldsradio -->
