<?xml version="1.0" encoding="UTF-8"?>
<!-- Generated by org.testng.reporters.JUnitReportReporter -->
<testsuite hostname="DESKTOP-U0QKV6T" failures="0" tests="1" name="testngslassespractice.TestNG_InvocationCount" time="1.029" errors="0" timestamp="2024-06-18T15:10:34 IST" skipped="0">
  <testcase classname="testngslassespractice.TestNG_InvocationCount" name="facebook" time="1.029"/>
  <system-out/>
</testsuite> <!-- testngslassespractice.TestNG_InvocationCount -->
