<?xml version="1.0" encoding="UTF-8"?>
<!-- Generated by org.testng.reporters.JUnitReportReporter -->
<testsuite hostname="DESKTOP-U0QKV6T" failures="0" tests="4" name="testngslassespractice.TestNG_Groups" time="8.620" errors="0" timestamp="2024-06-05T15:52:05 IST" skipped="0">
  <testcase classname="testngslassespractice.TestNG_Groups" name="google" time="1.098"/>
  <system-out/>
  <testcase classname="testngslassespractice.TestNG_Groups" name="gmail" time="1.632"/>
  <system-out/>
  <testcase classname="testngslassespractice.TestNG_Groups" name="twitter" time="4.765"/>
  <system-out/>
  <testcase classname="testngslassespractice.TestNG_Groups" name="facebook" time="1.125"/>
  <system-out/>
</testsuite> <!-- testngslassespractice.TestNG_Groups -->
