<?xml version="1.0" encoding="UTF-8"?>
<!-- Generated by org.testng.reporters.JUnitReportReporter -->
<testsuite hostname="DESKTOP-U0QKV6T" failures="0" tests="1" name="actionsclassprgms.ActionsClassRDMKDD" time="10.700" errors="0" timestamp="2024-06-10T15:34:25 IST" skipped="0">
  <testcase classname="actionsclassprgms.ActionsClassRDMKDD" name="keyboardfunctions" time="10.700"/>
  <system-out/>
</testsuite> <!-- actionsclassprgms.ActionsClassRDMKDD -->
