<?xml version="1.0" encoding="UTF-8"?>
<!-- Generated by org.testng.reporters.JUnitReportReporter -->
<testsuite hostname="DESKTOP-U0QKV6T" failures="0" tests="1" name="screenshots.SelectedWebElementScreenshot" time="4.413" errors="0" timestamp="2024-06-12T21:09:31 IST" skipped="0">
  <testcase classname="screenshots.SelectedWebElementScreenshot" name="TakeScreenShot" time="4.413"/>
  <system-out/>
</testsuite> <!-- screenshots.SelectedWebElementScreenshot -->
