<?xml version="1.0" encoding="UTF-8"?>
<!-- Generated by org.testng.reporters.JUnitReportReporter -->
<testsuite hostname="DESKTOP-U0QKV6T" failures="0" tests="1" name="datadrivenframework.LoginValidation" time="61.366" errors="0" timestamp="2024-06-26T15:51:29 IST" skipped="0">
  <testcase classname="datadrivenframework.LoginValidation" name="LoginRetesting" time="61.366"/>
  <system-out/>
</testsuite> <!-- datadrivenframework.LoginValidation -->
