<?xml version="1.0" encoding="UTF-8"?>
<!-- Generated by org.testng.reporters.JUnitReportReporter -->
<testsuite hostname="DESKTOP-U0QKV6T" failures="0" tests="1" name="dropdownselection.Dropdownvalues" time="13.578" errors="0" timestamp="2024-06-10T14:54:38 IST" skipped="0">
  <testcase classname="dropdownselection.Dropdownvalues" name="selectcountry" time="13.578"/>
  <system-out/>
</testsuite> <!-- dropdownselection.Dropdownvalues -->
