<?xml version="1.0" encoding="UTF-8"?>
<!-- Generated by org.testng.reporters.JUnitReportReporter -->
<testsuite hostname="DESKTOP-U0QKV6T" failures="0" tests="2" name="screenshots.TimeFormateScreenshot" time="9.144" errors="0" timestamp="2024-06-11T15:12:47 IST" skipped="1">
  <testcase classname="screenshots.TimeFormateScreenshot" name="googlesearch" time="9.144"/>
  <system-out/>
  <testcase classname="screenshots.TimeFormateScreenshot" name="facebook">
    <skipped/>
  </testcase> <!-- facebook -->
  <system-out/>
</testsuite> <!-- screenshots.TimeFormateScreenshot -->
