<?xml version="1.0" encoding="UTF-8"?>
<!-- Generated by org.testng.reporters.JUnitReportReporter -->
<testsuite hostname="DESKTOP-U0QKV6T" failures="0" tests="1" name="screenshots.FullpageScreenshot" time="18.690" errors="0" timestamp="2024-06-11T15:44:52 IST" skipped="0">
  <testcase classname="screenshots.FullpageScreenshot" name="CompletePageScreenshot" time="18.690"/>
  <system-out/>
</testsuite> <!-- screenshots.FullpageScreenshot -->
