<?xml version="1.0" encoding="UTF-8"?>
<!-- Generated by org.testng.reporters.JUnitReportReporter -->
<testsuite hostname="DESKTOP-U0QKV6T" failures="0" tests="3" name="tabtitleurlapptext.VerifyTabtitleURLText" time="1.230" errors="0" timestamp="2024-06-06T15:48:54 IST" skipped="2">
  <testcase classname="tabtitleurlapptext.VerifyTabtitleURLText" name="verifyApplicationText" time="1.230"/>
  <system-out/>
  <testcase classname="tabtitleurlapptext.VerifyTabtitleURLText" name="verifyApplicationURL">
    <skipped/>
  </testcase> <!-- verifyApplicationURL -->
  <system-out/>
  <testcase classname="tabtitleurlapptext.VerifyTabtitleURLText" name="verifyTabTitle">
    <skipped/>
  </testcase> <!-- verifyTabTitle -->
  <system-out/>
</testsuite> <!-- tabtitleurlapptext.VerifyTabtitleURLText -->
