<?xml version="1.0" encoding="UTF-8"?>
<!-- Generated by org.testng.reporters.JUnitReportReporter -->
<testsuite hostname="DESKTOP-U0QKV6T" failures="0" tests="1" name="scrolldownup.PageScrollDownUp" time="1.265" errors="0" timestamp="2024-06-12T16:07:09 IST" skipped="0">
  <testcase classname="scrolldownup.PageScrollDownUp" name="IndentifyLoacatorElement" time="1.265"/>
  <system-out/>
</testsuite> <!-- scrolldownup.PageScrollDownUp -->
