<?xml version="1.0" encoding="UTF-8"?>
<!-- Generated by org.testng.reporters.JUnitReportReporter -->
<testsuite hostname="DESKTOP-U0QKV6T" failures="0" tests="1" name="testngslassespractice.NewTest" time="10.641" errors="0" timestamp="2024-06-13T15:17:40 IST" skipped="0">
  <testcase classname="testngslassespractice.NewTest" name="facebook" time="10.641"/>
  <system-out/>
</testsuite> <!-- testngslassespractice.NewTest -->
