<?xml version="1.0" encoding="UTF-8"?>
<!-- Generated by org.testng.reporters.JUnitReportReporter -->
<testsuite hostname="DESKTOP-U0QKV6T" failures="0" tests="1" name="datadrivenframework.LoginwithExcel" time="9.112" errors="0" timestamp="2024-06-26T15:38:44 IST" skipped="0">
  <testcase classname="datadrivenframework.LoginwithExcel" name="ReadData" time="9.112"/>
  <system-out/>
</testsuite> <!-- datadrivenframework.LoginwithExcel -->
