<?xml version="1.0" encoding="UTF-8"?>
<!-- Generated by org.testng.reporters.JUnitReportReporter -->
<testsuite hostname="DESKTOP-U0QKV6T" failures="0" tests="5" name="testngslassespractice.TestNG_DataProvide" time="27.109" errors="0" timestamp="2024-06-13T14:50:47 IST" skipped="0">
  <testcase classname="testngslassespractice.TestNG_DataProvide" name="login" time="6.662"/>
  <system-out/>
  <testcase classname="testngslassespractice.TestNG_DataProvide" name="login" time="5.650"/>
  <system-out/>
  <testcase classname="testngslassespractice.TestNG_DataProvide" name="login" time="5.490"/>
  <system-out/>
  <testcase classname="testngslassespractice.TestNG_DataProvide" name="login" time="4.925"/>
  <system-out/>
  <testcase classname="testngslassespractice.TestNG_DataProvide" name="login" time="4.382"/>
  <system-out/>
</testsuite> <!-- testngslassespractice.TestNG_DataProvide -->
