<?xml version="1.0" encoding="UTF-8"?>
<!-- Generated by org.testng.reporters.JUnitReportReporter -->
<testsuite hostname="DESKTOP-U0QKV6T" failures="0" tests="1" name="datadrivenframework.LoginValidationResults" time="98.448" errors="0" timestamp="2024-06-26T16:05:59 IST" skipped="0">
  <testcase classname="datadrivenframework.LoginValidationResults" name="PrintTestResultsinSheet" time="98.448"/>
  <system-out/>
</testsuite> <!-- datadrivenframework.LoginValidationResults -->
